[01:59:29] [Server thread/INFO]: Starting minecraft server version 1.11.2
[01:59:37] [Server thread/INFO]:                __        __   ___  __         __  
[01:59:37] [Server thread/INFO]:     |    |  | /  ` |__/ |__) |__  |__)  |\/| /__` 
[01:59:37] [Server thread/INFO]:     |___ \__/ \__, |  \ |    |___ |  \  |  | .__/ 
[01:59:37] [Server thread/INFO]:  
[01:59:37] [Server thread/INFO]:   Loading version v3.2.21 on Sponge - SpongeForge
[01:59:37] [Server thread/INFO]:   Running on server version SpongeAPI: 6.1.0-SNAPSHOT-a15cc3e - SpongeForge: 1.11.2-2315-6.1.0-BETA-2410
[01:59:37] [Server thread/INFO]:  
[01:59:37] [Server thread/INFO]: [LP] Loading configuration...
[01:59:37] [Server thread/INFO]: [LP] Identified the following dependencies: [H2_DRIVER]
[01:59:37] [Server thread/INFO]: [LP] Loading storage provider... [H2]
[01:59:38] [Server thread/INFO]: [LP] Loading internal permission managers...
[01:59:38] [Server thread/INFO]: [LP] Registering PermissionService...
[01:59:38] [Server thread/INFO]: [LP] Performing initial data load...
[01:59:39] [Server thread/INFO]: [LP] Successfully enabled.
[01:59:39] [Server thread/INFO]: --------------------------
[01:59:39] [Server thread/INFO]: Welcome to Nucleus version 1.0.0-S6.0, running on Sponge API 6.1.0-SNAPSHOT-a15cc3e. We're glad you're with us!
[01:59:39] [Server thread/INFO]: We're now starting up. If you have any questions, visit our documentation site at http://nucleuspowered.org/docs
[01:59:39] [Server thread/INFO]: You can also add a message to our Sponge Forum thread, or visit us in Discord - https://discord.gg/MC2mAuS
[01:59:39] [Server thread/INFO]: Discover a bug? Report it at https://github.com/NucleusPowered/Nucleus/issues - adding a copy of the file from /nucleus info to the report!
[01:59:39] [Server thread/INFO]: --------------------------
[01:59:51] [Server thread/INFO]: Loading properties
[01:59:51] [Server thread/INFO]: Default game type: SURVIVAL
[01:59:51] [Server thread/INFO]: Generating keypair
[01:59:51] [Server thread/INFO]: Starting Minecraft server on *:25565
[01:59:51] [Server thread/INFO]: Using default channel type
[01:59:56] [Server thread/WARN]: PriceRange(-4, -8) invalid, -8 smaller than -4
[01:59:58] [Server thread/INFO]: Preparing level "world"
[01:59:59] [Server thread/INFO]: Preparing start region for level 0 (world)
[02:00:00] [Server thread/INFO]: Preparing spawn area: 17%
[02:00:01] [Server thread/INFO]: Preparing spawn area: 92%
[02:00:02] [Server thread/INFO]: Preparing start region for level -9999 (DIM-9999)
[02:00:03] [Server thread/INFO]: Preparing start region for level 0 (world)
[02:00:03] [Server thread/INFO]: Preparing start region for level -9999 (DIM-9999)
[02:00:03] [Server thread/INFO]: Done (5.629s)! For help, type "help" or "?"
[02:00:03] [Server thread/INFO]: UltimateChat: [-> Config module]
[02:00:03] [Server thread/INFO]: UltimateChat: [All configurations loaded!]
[02:00:03] [Server thread/INFO]: UltimateChat: [Language file loaded - Using: EN-US]
[02:00:03] [Server thread/INFO]: UltimateChat: [Init commands module...]
[02:00:03] [Server thread/INFO]: UltimateChat: [UltimateChat 1.7.1 enabled!]
[02:00:13] [User Authenticator #1/INFO]: UUID of player Jano1 is 4adf0208-822e-49a1-9528-b82a21bdfae9
[02:00:14] [Server thread/INFO]: Jano1[/127.0.0.1:65330] logged in with entity id 210 in world(0) at (4951.634520768204, 109.0, -447.71109865406424)
[02:00:14] [Server thread/INFO]: Jano1 joined the game
[02:11:57] [Server thread/INFO]: Jano1 lost connection: Disconnected
[02:11:57] [Server thread/INFO]: Jano1 left the game
[02:12:46] [Server thread/INFO]: [LP] Closing storage...
[02:12:46] [Server thread/INFO]: [LP] Closing messaging service...
[02:12:46] [Server thread/INFO]: [LP] Shutting down internal scheduler...
[02:12:46] [Server thread/INFO]: UltimateChat: [UltimateChat disabled!]
[02:12:46] [Server thread/INFO]: Stopping server
[02:12:46] [Server thread/INFO]: Saving players
[02:12:46] [Server thread/INFO]: Saving worlds
[02:12:46] [Server thread/INFO]: Saving chunks for level 'world'/Overworld
[02:12:46] [Server thread/INFO]: Saving chunks for level 'DIM1'/The End
[02:12:46] [Server thread/INFO]: Saving chunks for level 'DIM-9999'/ExtraUtils2_Quarry_Dim
[02:12:46] [Server thread/INFO]: Saving chunks for level 'DIM1'/The End
[02:12:47] [Server thread/ERROR]: Exception stopping the server
java.lang.RuntimeException: Attempt made to unload a world with dimension id [1].
	at net.minecraftforge.common.DimensionManager.lambda$setWorld$0(DimensionManager.java:654) ~[DimensionManager.class:?]
	at java.util.Optional.orElseThrow(Unknown Source) ~[?:1.8.0_131]
	at net.minecraftforge.common.DimensionManager.setWorld(DimensionManager.java:654) ~[DimensionManager.class:?]
	at net.minecraft.server.MinecraftServer.func_71260_j(MinecraftServer.java:418) ~[MinecraftServer.class:?]
	at net.minecraft.server.MinecraftServer.run(MinecraftServer.java:535) [MinecraftServer.class:?]
	at java.lang.Thread.run(Unknown Source) [?:1.8.0_131]
[02:12:47] [Server Shutdown Thread/INFO]: Stopping server
