[23:57:52] [main/INFO] [LaunchWrapper]: Loading tweak class name net.minecraftforge.fml.common.launcher.FMLTweaker
[23:57:52] [main/INFO] [LaunchWrapper]: Using primary tweak class name net.minecraftforge.fml.common.launcher.FMLTweaker
[23:57:52] [main/INFO] [LaunchWrapper]: Calling tweak class net.minecraftforge.fml.common.launcher.FMLTweaker
[00:04:37] [main/INFO] [LaunchWrapper]: Loading tweak class name net.minecraftforge.fml.common.launcher.FMLTweaker
[00:04:37] [main/INFO] [LaunchWrapper]: Using primary tweak class name net.minecraftforge.fml.common.launcher.FMLTweaker
[00:04:37] [main/INFO] [LaunchWrapper]: Calling tweak class net.minecraftforge.fml.common.launcher.FMLTweaker
[00:10:27] [main/INFO] [LaunchWrapper]: Loading tweak class name net.minecraftforge.fml.common.launcher.FMLTweaker
[00:10:27] [main/INFO] [LaunchWrapper]: Using primary tweak class name net.minecraftforge.fml.common.launcher.FMLTweaker
[00:10:27] [main/INFO] [LaunchWrapper]: Calling tweak class net.minecraftforge.fml.common.launcher.FMLTweaker
[00:12:28] [main/INFO] [LaunchWrapper]: Loading tweak class name net.minecraftforge.fml.common.launcher.FMLTweaker
[00:12:28] [main/INFO] [LaunchWrapper]: Using primary tweak class name net.minecraftforge.fml.common.launcher.FMLTweaker
[00:12:28] [main/INFO] [LaunchWrapper]: Calling tweak class net.minecraftforge.fml.common.launcher.FMLTweaker
[00:26:59] [main/INFO] [LaunchWrapper]: Loading tweak class name net.minecraftforge.fml.common.launcher.FMLTweaker
[00:26:59] [main/INFO] [LaunchWrapper]: Using primary tweak class name net.minecraftforge.fml.common.launcher.FMLTweaker
[00:26:59] [main/INFO] [LaunchWrapper]: Calling tweak class net.minecraftforge.fml.common.launcher.FMLTweaker
[00:33:55] [Finalizer/WARN] [journeymap]: TextureImpl disposed without deleting texture glID: TextureImpl{glid=220, description=Scaled TileDrawStep{rc=RegionCoord [-1,1], type=underground, high=true, zoom=1, sx1=256, sy1=0}, lastImageUpdate=1498516430100, lastBound=1498516430289}
[00:33:55] [Finalizer/WARN] [journeymap]: TextureImpl disposed without deleting texture glID: TextureImpl{glid=216, description=Scaled TileDrawStep{rc=RegionCoord [-1,1], type=underground, high=true, zoom=1, sx1=0, sy1=0}, lastImageUpdate=1498516430095, lastBound=1498516430289}
[00:33:55] [Finalizer/WARN] [journeymap]: TextureImpl disposed without deleting texture glID: TextureImpl{glid=215, description=Scaled TileDrawStep{rc=RegionCoord [0,0], type=underground, high=true, zoom=1, sx1=0, sy1=256}, lastImageUpdate=1498516430093, lastBound=1498516430288}
[00:33:55] [Finalizer/WARN] [journeymap]: TextureImpl disposed without deleting texture glID: TextureImpl{glid=211, description=Scaled TileDrawStep{rc=RegionCoord [-1,0], type=underground, high=true, zoom=1, sx1=256, sy1=256}, lastImageUpdate=1498516430086, lastBound=1498516430288}
[00:33:55] [Finalizer/WARN] [journeymap]: TextureImpl disposed without deleting texture glID: TextureImpl{glid=206, description=Scaled TileDrawStep{rc=RegionCoord [0,0], type=underground, high=true, zoom=1, sx1=0, sy1=0}, lastImageUpdate=1498516430078, lastBound=1498516430287}
[00:33:55] [Finalizer/WARN] [journeymap]: TextureImpl disposed without deleting texture glID: TextureImpl{glid=210, description=Scaled TileDrawStep{rc=RegionCoord [-1,0], type=underground, high=true, zoom=1, sx1=0, sy1=256}, lastImageUpdate=1498516430082, lastBound=1498516430287}
[00:33:55] [Finalizer/WARN] [journeymap]: TextureImpl disposed without deleting texture glID: TextureImpl{glid=205, description=Scaled TileDrawStep{rc=RegionCoord [-1,0], type=underground, high=true, zoom=1, sx1=256, sy1=0}, lastImageUpdate=1498516430069, lastBound=1498516430287}
[00:33:55] [Finalizer/WARN] [journeymap]: TextureImpl disposed without deleting texture glID: TextureImpl{glid=204, description=Scaled TileDrawStep{rc=RegionCoord [-1,0], type=underground, high=true, zoom=1, sx1=0, sy1=0}, lastImageUpdate=1498516430068, lastBound=1498516430286}
[00:58:07] [main/INFO] [LaunchWrapper]: Loading tweak class name net.minecraftforge.fml.common.launcher.FMLTweaker
[00:58:07] [main/INFO] [LaunchWrapper]: Using primary tweak class name net.minecraftforge.fml.common.launcher.FMLTweaker
[00:58:07] [main/INFO] [LaunchWrapper]: Calling tweak class net.minecraftforge.fml.common.launcher.FMLTweaker
[01:02:29] [main/INFO] [LaunchWrapper]: Loading tweak class name net.minecraftforge.fml.common.launcher.FMLTweaker
[01:02:29] [main/INFO] [LaunchWrapper]: Using primary tweak class name net.minecraftforge.fml.common.launcher.FMLTweaker
[01:02:29] [main/INFO] [LaunchWrapper]: Calling tweak class net.minecraftforge.fml.common.launcher.FMLTweaker
