[01:02:31] [Client thread/INFO]: Setting user: Jano1
[01:02:35] [Client thread/WARN]: Skipping bad option: lastServer:
[01:02:35] [Client thread/INFO]: LWJGL Version: 2.9.4
[01:02:40] [Client thread/INFO]: Reloading ResourceManager: Default, FMLFileResourcePack:Forge Mod Loader, FMLFileResourcePack:Minecraft Forge, FMLFileResourcePack:BiblioCraft, FMLFileResourcePack:Biomes O' Plenty, FMLFileResourcePack:extrautils2, FMLFileResourcePack:IndustrialCraft 2, FMLFileResourcePack:Inventory Tweaks, FMLFileResourcePack:Inventory Pets, FMLFileResourcePack:Just Enough Items, FMLFileResourcePack:JourneyMap, FMLFileResourcePack:Level Up! Reloaded, FMLFileResourcePack:Levels, FMLFileResourcePack:Mantle, FMLFileResourcePack:Pam's HarvestCraft, FMLFileResourcePack:RFTools, FMLFileResourcePack:Tinkers' Construct, FMLFileResourcePack:waila
[01:02:50] [Client thread/WARN]: File minecraft:sounds/tock4.ogg does not exist, cannot add it to event bibliocraft:tock
[01:02:50] [Client thread/WARN]: File tconstruct:sounds/woodhit1.ogg does not exist, cannot add it to event tconstruct:wood_hit
[01:02:50] [Client thread/WARN]: File tconstruct:sounds/woodhit2.ogg does not exist, cannot add it to event tconstruct:wood_hit
[01:02:50] [Client thread/WARN]: File tconstruct:sounds/woodhit3.ogg does not exist, cannot add it to event tconstruct:wood_hit
[01:02:50] [Client thread/WARN]: File tconstruct:sounds/woodhit4.ogg does not exist, cannot add it to event tconstruct:wood_hit
[01:02:50] [Client thread/WARN]: File tconstruct:sounds/woodhit5.ogg does not exist, cannot add it to event tconstruct:wood_hit
[01:02:50] [Client thread/WARN]: File tconstruct:sounds/stonehit1.ogg does not exist, cannot add it to event tconstruct:stone_hit
[01:02:50] [Client thread/WARN]: File tconstruct:sounds/stonehit2.ogg does not exist, cannot add it to event tconstruct:stone_hit
[01:02:50] [Client thread/WARN]: File tconstruct:sounds/stonehit3.ogg does not exist, cannot add it to event tconstruct:stone_hit
[01:02:50] [Client thread/WARN]: File tconstruct:sounds/crossbowreload.ogg does not exist, cannot add it to event tconstruct:crossbow_reload
[01:02:50] [Sound Library Loader/INFO]: Starting up SoundSystem...
[01:02:50] [Thread-9/INFO]: Initializing LWJGL OpenAL
[01:02:50] [Thread-9/INFO]: (The LWJGL binding of OpenAL.  For more information, see http://www.lwjgl.org)
[01:02:50] [Thread-9/INFO]: OpenAL initialized.
[01:02:50] [Sound Library Loader/INFO]: Sound engine started
[01:02:52] [Client thread/INFO]: Created: 16x16 textures-atlas
[01:02:55] [Client thread/INFO]: [STDOUT]: TrueTypeFont loaded: java.awt.Font[family=Ubuntu,name=Ubuntu,style=plain,size=40] - AntiAlias = false
[01:02:55] [Client thread/WARN]: PriceRange(-4, -8) invalid, -8 smaller than -4
[01:02:56] [Client thread/INFO]: [STDOUT]: TrueTypeFont loaded: java.awt.Font[family=Minecraftia,name=Minecraftia Regular,style=plain,size=14] - AntiAlias = true
[01:02:58] [Client thread/INFO]: Reloading ResourceManager: Default, FMLFileResourcePack:Forge Mod Loader, FMLFileResourcePack:BiblioCraft, FMLFileResourcePack:Biomes O' Plenty, FMLFileResourcePack:extrautils2, FMLFileResourcePack:IndustrialCraft 2, FMLFileResourcePack:Inventory Tweaks, FMLFileResourcePack:Inventory Pets, FMLFileResourcePack:Just Enough Items, FMLFileResourcePack:JourneyMap, FMLFileResourcePack:Level Up! Reloaded, FMLFileResourcePack:Levels, FMLFileResourcePack:Mantle, FMLFileResourcePack:Pam's HarvestCraft, FMLFileResourcePack:RFTools, FMLFileResourcePack:Tinkers' Construct, FMLFileResourcePack:waila, FMLFileResourcePack:Minecraft Forge
[01:02:59] [Client thread/WARN]: File minecraft:sounds/tock4.ogg does not exist, cannot add it to event bibliocraft:tock
[01:02:59] [Client thread/WARN]: File tconstruct:sounds/woodhit1.ogg does not exist, cannot add it to event tconstruct:wood_hit
[01:02:59] [Client thread/WARN]: File tconstruct:sounds/woodhit2.ogg does not exist, cannot add it to event tconstruct:wood_hit
[01:02:59] [Client thread/WARN]: File tconstruct:sounds/woodhit3.ogg does not exist, cannot add it to event tconstruct:wood_hit
[01:02:59] [Client thread/WARN]: File tconstruct:sounds/woodhit4.ogg does not exist, cannot add it to event tconstruct:wood_hit
[01:02:59] [Client thread/WARN]: File tconstruct:sounds/woodhit5.ogg does not exist, cannot add it to event tconstruct:wood_hit
[01:02:59] [Client thread/WARN]: File tconstruct:sounds/stonehit1.ogg does not exist, cannot add it to event tconstruct:stone_hit
[01:02:59] [Client thread/WARN]: File tconstruct:sounds/stonehit2.ogg does not exist, cannot add it to event tconstruct:stone_hit
[01:02:59] [Client thread/WARN]: File tconstruct:sounds/stonehit3.ogg does not exist, cannot add it to event tconstruct:stone_hit
[01:02:59] [Client thread/WARN]: File tconstruct:sounds/crossbowreload.ogg does not exist, cannot add it to event tconstruct:crossbow_reload
[01:02:59] [Client thread/INFO]: SoundSystem shutting down...
[01:02:59] [Client thread/WARN]: Author: Paul Lamb, www.paulscode.com
[01:02:59] [Sound Library Loader/INFO]: Starting up SoundSystem...
[01:02:59] [Thread-13/INFO]: Initializing LWJGL OpenAL
[01:02:59] [Thread-13/INFO]: (The LWJGL binding of OpenAL.  For more information, see http://www.lwjgl.org)
[01:02:59] [Thread-13/INFO]: OpenAL initialized.
[01:03:00] [Sound Library Loader/INFO]: Sound engine started
[01:03:02] [Client thread/ERROR]: Using missing texture, unable to load rftools:textures/blocks/powercellw.png, java.io.FileNotFoundException
[01:03:02] [Client thread/ERROR]: Using missing texture, unable to load rftools:textures/blocks/powercellu.png, java.io.FileNotFoundException
[01:03:02] [Client thread/ERROR]: Using missing texture, unable to load rftools:textures/blocks/powercells.png, java.io.FileNotFoundException
[01:03:02] [Client thread/ERROR]: Using missing texture, unable to load rftools:textures/blocks/powercelle.png, java.io.FileNotFoundException
[01:03:02] [Client thread/ERROR]: Using missing texture, unable to load rftools:textures/blocks/powercelld.png, java.io.FileNotFoundException
[01:03:02] [Client thread/ERROR]: Using missing texture, unable to load rftools:textures/blocks/powercelln.png, java.io.FileNotFoundException
[01:03:03] [Client thread/INFO]: Created: 2048x2048 textures-atlas
[01:03:07] [Client thread/WARN]: Skipping bad option: lastServer:
[01:03:13] [Client thread/INFO]: Connecting to localhost, 25565
[01:03:17] [Client thread/INFO]: [CHAT] Jano1 joined the game
[01:03:17] [Client thread/INFO]: [CHAT] ------------------------ MOTD ------------------------
[01:03:17] [Client thread/INFO]: [CHAT] Welcome to the server!
[01:03:17] [Client thread/INFO]: [CHAT] ------------------------ « » -------------------------
[01:03:18] [Client thread/INFO]: [CHAT] §eJourneyMap:§f Press [§bJ§f]
[01:06:19] [Client thread/INFO]: Warning: Clientside chunk ticking took 116 ms
[01:10:20] [Client thread/INFO]: [CHAT] Your game mode was set to creative.
[01:12:05] [Client thread/INFO]: [CHAT] Jano1 has just earned the achievement [Sticky Situation]
[01:14:33] [Client thread/INFO]: Warning: Clientside chunk ticking took 119 ms
[01:18:28] [Client thread/INFO]: Connecting to localhost, 25565
[01:18:29] [Server Connector #2/ERROR]: Couldn't connect to server
java.net.ConnectException: Connection refused: no further information: localhost/127.0.0.1:25565
	at sun.nio.ch.SocketChannelImpl.checkConnect(Native Method) ~[?:1.8.0_25]
	at sun.nio.ch.SocketChannelImpl.finishConnect(SocketChannelImpl.java:716) ~[?:1.8.0_25]
	at io.netty.channel.socket.nio.NioSocketChannel.doFinishConnect(NioSocketChannel.java:208) ~[NioSocketChannel.class:4.0.23.Final]
	at io.netty.channel.nio.AbstractNioChannel$AbstractNioUnsafe.finishConnect(AbstractNioChannel.java:287) ~[AbstractNioChannel$AbstractNioUnsafe.class:4.0.23.Final]
	at io.netty.channel.nio.NioEventLoop.processSelectedKey(NioEventLoop.java:528) ~[NioEventLoop.class:4.0.23.Final]
	at io.netty.channel.nio.NioEventLoop.processSelectedKeysOptimized(NioEventLoop.java:468) ~[NioEventLoop.class:4.0.23.Final]
	at io.netty.channel.nio.NioEventLoop.processSelectedKeys(NioEventLoop.java:382) ~[NioEventLoop.class:4.0.23.Final]
	at io.netty.channel.nio.NioEventLoop.run(NioEventLoop.java:354) ~[NioEventLoop.class:4.0.23.Final]
	at io.netty.util.concurrent.SingleThreadEventExecutor$2.run(SingleThreadEventExecutor.java:116) ~[SingleThreadEventExecutor$2.class:4.0.23.Final]
	at java.lang.Thread.run(Thread.java:745) ~[?:1.8.0_25]
[01:19:34] [Client thread/INFO]: Connecting to localhost, 25565
[01:19:40] [Client thread/INFO]: [CHAT] Jano1 joined the game
[01:19:40] [Client thread/INFO]: [CHAT] ------------------------ MOTD ------------------------
[01:19:40] [Client thread/INFO]: [CHAT] Welcome to the server!
[01:19:40] [Client thread/INFO]: [CHAT] ------------------------ « » -------------------------
[01:19:43] [Client thread/INFO]: [CHAT] 
[01:19:43] [Client thread/INFO]: [CHAT] == MCClans Help Page 1/12 ==
[01:19:43] [Client thread/INFO]: [CHAT] Type /clan help 2 to read the next page
[01:19:43] [Client thread/INFO]: [CHAT] 
[01:19:43] [Client thread/INFO]: [CHAT] /clan accept
[01:19:43] [Client thread/INFO]: [CHAT]  Accept a pending clan invite
[01:19:43] [Client thread/INFO]: [CHAT] /clan ally decline
[01:19:43] [Client thread/INFO]: [CHAT]  Decline a pending ally invite
[01:19:43] [Client thread/INFO]: [CHAT] /clan ally remove <clanTag>
[01:19:43] [Client thread/INFO]: [CHAT]  Remove an allied clan
[01:19:43] [Client thread/INFO]: [CHAT] /clan ally accept
[01:19:43] [Client thread/INFO]: [CHAT]  Accept a pending ally invite
[01:19:43] [Client thread/INFO]: [CHAT] /clan ally invite <clanTag>
[01:19:43] [Client thread/INFO]: [CHAT]  Invite another clan to become an ally
[01:19:56] [Client thread/INFO]: [CHAT] 
[01:19:56] [Client thread/INFO]: [CHAT] == MCClans Help Page 2/12 ==
[01:19:56] [Client thread/INFO]: [CHAT] Type /clan help 3 to read the next page
[01:19:56] [Client thread/INFO]: [CHAT] 
[01:19:56] [Client thread/INFO]: [CHAT] /clan ally inviteable <toggle>
[01:19:56] [Client thread/INFO]: [CHAT]  Change if the clan is accepting ally invites
[01:19:56] [Client thread/INFO]: [CHAT] /clan bank deposit <amount>
[01:19:56] [Client thread/INFO]: [CHAT]  Deposit currency in the clan bank
[01:19:56] [Client thread/INFO]: [CHAT] /clan bank withdraw <amount>
[01:19:56] [Client thread/INFO]: [CHAT]  Withdraw currency from the clan bank
[01:19:56] [Client thread/INFO]: [CHAT] /clan bank balance
[01:19:56] [Client thread/INFO]: [CHAT]  View the balance of the clan bank
[01:19:56] [Client thread/INFO]: [CHAT] /clan chat ignore clan <toggle>
[01:19:56] [Client thread/INFO]: [CHAT]  Ignore clan chat
[01:20:04] [Client thread/INFO]: [CHAT] 
[01:20:04] [Client thread/INFO]: [CHAT] Failed to execute command
[01:20:04] [Client thread/INFO]: [CHAT] This command requires the following parameters:
[01:20:04] [Client thread/INFO]: [CHAT] 
[01:20:04] [Client thread/INFO]: [CHAT] == MCClans Parameter Help Page 1/1 ==
[01:20:04] [Client thread/INFO]: [CHAT] 
[01:20:04] [Client thread/INFO]: [CHAT] /clan create <clanTag> <clanName>
[01:20:04] [Client thread/INFO]: [CHAT] 
[01:20:04] [Client thread/INFO]: [CHAT] Parameter:           Description:               
[01:20:04] [Client thread/INFO]: [CHAT] <clanTag>            a word; 2-6               
[01:20:04] [Client thread/INFO]: [CHAT] <clanName>           multiple words; 2-30     
[01:20:57] [Client thread/INFO]: [CHAT] Error while executing command: Value should match regex '[A-Za-z0-9_]+'
[01:21:08] [Client thread/INFO]: [CHAT] Clan [FW] Felswache created by Jano1
[01:21:15] [Client thread/INFO]: [CHAT] Unknown command. Try /help for a list of commands
[01:21:19] [Client thread/INFO]: [CHAT] 
[01:21:19] [Client thread/INFO]: [CHAT] ==  Clan info FW ==
[01:21:19] [Client thread/INFO]: [CHAT] 
[01:21:19] [Client thread/INFO]: [CHAT] Clan:         [FW] Felswache
[01:21:19] [Client thread/INFO]: [CHAT] Owner:       Jano1
[01:21:19] [Client thread/INFO]: [CHAT] Members:    1
[01:21:19] [Client thread/INFO]: [CHAT] Allies:        None
[01:21:19] [Client thread/INFO]: [CHAT] Kills:          0 [0 : 0 : 0]
[01:21:19] [Client thread/INFO]: [CHAT] Deaths:      0 [0 : 0 : 0]
[01:21:19] [Client thread/INFO]: [CHAT] KDR:          0.0
[01:21:19] [Client thread/INFO]: [CHAT] Created:     June 27, 2017
[01:21:29] [Client thread/INFO]: [CHAT] [world][l]Jano1: moin
[01:21:29] [Client thread/INFO]: [CHAT] [uChat] Theres no players near you to receive your messages.
[01:21:35] [Client thread/INFO]: [CHAT] Unknown command. Try /help for a list of commands
[01:21:37] [Client thread/INFO]: [CHAT] ---------------- UltimateChat 1.7.1 ---------------
[01:21:37] [Client thread/INFO]: [CHAT] Developed by FabioZumbi12.
[01:21:37] [Client thread/INFO]: [CHAT] For more information about the commands, type [/uchat ?].
[01:21:37] [Client thread/INFO]: [CHAT] ---------------------------------------------------
[01:21:44] [Client thread/INFO]: [CHAT] Unknown command. Try /help for a list of commands
[01:21:47] [Client thread/INFO]: [CHAT] Not enough arguments!
[01:21:47] [Client thread/INFO]: [CHAT] Usage: /ch <channel>
[01:21:53] [Client thread/INFO]: [CHAT] Input command info was not a valid subcommand!\ninfo\n^
[01:21:53] [Client thread/INFO]: [CHAT] Usage: /chat [reload|clear|ignore|mute|clear-all|spy|?]
[01:21:59] [Client thread/INFO]: [CHAT] ---------------- UltimateChat 1.7.1 ---------------
[01:21:59] [Client thread/INFO]: [CHAT] Developed by FabioZumbi12.
[01:21:59] [Client thread/INFO]: [CHAT] For more information about the commands, type [/uchat ?].
[01:21:59] [Client thread/INFO]: [CHAT] ---------------------------------------------------
[01:22:04] [Client thread/INFO]: [CHAT] --------------- [uChat] Help ---------------
[01:22:04] [Client thread/INFO]: [CHAT] /ch <channel> - To join on channel
[01:22:04] [Client thread/INFO]: [CHAT] /<channel> <msg> - Send message without join on channel
[01:22:04] [Client thread/INFO]: [CHAT] /tell <player> - Lock/Unlock private channel with a player
[01:22:04] [Client thread/INFO]: [CHAT] /tell <player> <msg> - Send private message to player
[01:22:04] [Client thread/INFO]: [CHAT] /r <msg> - Respond a player
[01:22:04] [Client thread/INFO]: [CHAT] /ubroad <message> [hover:<mensagem>] - Announce a message to all server
[01:22:04] [Client thread/INFO]: [CHAT] /umsg <player> <message> - Send a direct message to player.
[01:22:04] [Client thread/INFO]: [CHAT] /chat clear - Clear your chat.
[01:22:04] [Client thread/INFO]: [CHAT] /chat clear-all - Clear the chat for all players.
[01:22:04] [Client thread/INFO]: [CHAT] /chat spy - Turn on/off spy private and local chats
[01:22:04] [Client thread/INFO]: [CHAT] /chat mute <player> [channel] - Mute/Unmute a player in all channels, or in only one
[01:22:04] [Client thread/INFO]: [CHAT] /chat ignore player <player> - Ignore/Un-ignore a player
[01:22:04] [Client thread/INFO]: [CHAT] /chat ignore channel <channel> - Ignore/Un-ignore a channel
[01:22:04] [Client thread/INFO]: [CHAT] /chat reload - Reload the config and translations
[01:22:04] [Client thread/INFO]: [CHAT] ------------------------------------------ 
[01:22:04] [Client thread/INFO]: [CHAT] Available channels: Global, Local, Admin
[01:22:04] [Client thread/INFO]: [CHAT] ------------------------------------------ 
[01:22:29] [Client thread/INFO]: [CHAT] Error occurred while executing command: No value present
[01:22:39] [Client thread/INFO]: [CHAT] Error occurred while executing command: No value present
[01:23:59] [Client thread/INFO]: [CHAT] 
[01:23:59] [Client thread/INFO]: [CHAT] == MCClans Help Page 1/12 ==
[01:23:59] [Client thread/INFO]: [CHAT] Type /clan help 2 to read the next page
[01:23:59] [Client thread/INFO]: [CHAT] 
[01:23:59] [Client thread/INFO]: [CHAT] /clan accept
[01:23:59] [Client thread/INFO]: [CHAT]  Accept a pending clan invite
[01:23:59] [Client thread/INFO]: [CHAT] /clan ally decline
[01:23:59] [Client thread/INFO]: [CHAT]  Decline a pending ally invite
[01:23:59] [Client thread/INFO]: [CHAT] /clan ally remove <clanTag>
[01:23:59] [Client thread/INFO]: [CHAT]  Remove an allied clan
[01:23:59] [Client thread/INFO]: [CHAT] /clan ally accept
[01:23:59] [Client thread/INFO]: [CHAT]  Accept a pending ally invite
[01:23:59] [Client thread/INFO]: [CHAT] /clan ally invite <clanTag>
[01:23:59] [Client thread/INFO]: [CHAT]  Invite another clan to become an ally
[01:24:02] [Client thread/INFO]: [CHAT] 
[01:24:02] [Client thread/INFO]: [CHAT] ==  Clan info FW ==
[01:24:02] [Client thread/INFO]: [CHAT] 
[01:24:02] [Client thread/INFO]: [CHAT] Clan:         [FW] Felswache
[01:24:02] [Client thread/INFO]: [CHAT] Owner:       Jano1
[01:24:02] [Client thread/INFO]: [CHAT] Members:    1
[01:24:02] [Client thread/INFO]: [CHAT] Allies:        None
[01:24:02] [Client thread/INFO]: [CHAT] Kills:          0 [0 : 0 : 0]
[01:24:02] [Client thread/INFO]: [CHAT] Deaths:      0 [0 : 0 : 0]
[01:24:02] [Client thread/INFO]: [CHAT] KDR:          0.0
[01:24:02] [Client thread/INFO]: [CHAT] Created:     June 27, 2017
[01:24:09] [Client thread/INFO]: [CHAT] Current Balance: 0.00 Coins
[01:24:19] [Client thread/INFO]: [CHAT] Unknown command. Try /help for a list of commands
[01:24:21] [Client thread/INFO]: [CHAT] Usage: /jobs create | delete | leave | info | add | remove | join
[01:35:08] [Client thread/INFO]: Connecting to localhost, 25565
[01:35:12] [Client thread/INFO]: [CHAT] Jano1 joined the game
[01:35:12] [Client thread/INFO]: [CHAT] ------------------------ MOTD ------------------------
[01:35:12] [Client thread/INFO]: [CHAT] Welcome to the server!
[01:35:12] [Client thread/INFO]: [CHAT] ------------------------ « » -------------------------
[01:43:37] [Client thread/INFO]: Reloading ResourceManager: Default, FMLFileResourcePack:Forge Mod Loader, FMLFileResourcePack:BiblioCraft, FMLFileResourcePack:Biomes O' Plenty, FMLFileResourcePack:extrautils2, FMLFileResourcePack:IndustrialCraft 2, FMLFileResourcePack:Inventory Tweaks, FMLFileResourcePack:Inventory Pets, FMLFileResourcePack:Just Enough Items, FMLFileResourcePack:JourneyMap, FMLFileResourcePack:Level Up! Reloaded, FMLFileResourcePack:Levels, FMLFileResourcePack:Mantle, FMLFileResourcePack:Pam's HarvestCraft, FMLFileResourcePack:RFTools, FMLFileResourcePack:Tinkers' Construct, FMLFileResourcePack:waila, FMLFileResourcePack:Minecraft Forge, Conquest_1.11.zip
[01:43:38] [Client thread/WARN]: Failed reading metadata of: minecraft:textures/entity/beacon_beam.png
com.google.gson.JsonSyntaxException: com.google.gson.stream.MalformedJsonException: Expected name at line 6 column 2
	at com.google.gson.internal.Streams.parse(Streams.java:56) ~[Streams.class:?]
	at com.google.gson.JsonParser.parse(JsonParser.java:84) ~[JsonParser.class:?]
	at com.google.gson.JsonParser.parse(JsonParser.java:59) ~[JsonParser.class:?]
	at net.minecraft.client.resources.SimpleResource.func_110526_a(SourceFile:64) ~[caf.class:?]
	at net.minecraft.client.renderer.texture.SimpleTexture.func_110551_a(SimpleTexture.java:43) [byv.class:?]
	at net.minecraft.client.renderer.texture.TextureManager.func_110579_a(TextureManager.java:79) [bza.class:?]
	at net.minecraft.client.renderer.texture.TextureManager.func_110549_a(TextureManager.java:187) [bza.class:?]
	at net.minecraft.client.resources.SimpleReloadableResourceManager.func_110544_b(SimpleReloadableResourceManager.java:132) [cae.class:?]
	at net.minecraft.client.resources.SimpleReloadableResourceManager.func_110541_a(SimpleReloadableResourceManager.java:113) [cae.class:?]
	at net.minecraft.client.Minecraft.func_110436_a(Minecraft.java:756) [bes.class:?]
	at net.minecraft.client.gui.GuiScreenResourcePacks.func_146284_a(SourceFile:133) [bjm.class:?]
	at net.minecraft.client.gui.GuiScreen.func_73864_a(GuiScreen.java:454) [bho.class:?]
	at net.minecraft.client.gui.GuiScreenResourcePacks.func_73864_a(SourceFile:141) [bjm.class:?]
	at net.minecraft.client.gui.GuiScreen.func_146274_d(GuiScreen.java:544) [bho.class:?]
	at net.minecraft.client.gui.GuiScreenResourcePacks.func_146274_d(SourceFile:77) [bjm.class:?]
	at net.minecraft.client.gui.GuiScreen.func_146269_k(GuiScreen.java:512) [bho.class:?]
	at net.minecraft.client.Minecraft.func_71407_l(Minecraft.java:1695) [bes.class:?]
	at net.minecraft.client.Minecraft.func_71411_J(Minecraft.java:1056) [bes.class:?]
	at net.minecraft.client.Minecraft.func_99999_d(Minecraft.java:372) [bes.class:?]
	at net.minecraft.client.main.Main.main(SourceFile:124) [Main.class:?]
	at sun.reflect.NativeMethodAccessorImpl.invoke0(Native Method) ~[?:1.8.0_25]
	at sun.reflect.NativeMethodAccessorImpl.invoke(NativeMethodAccessorImpl.java:62) ~[?:1.8.0_25]
	at sun.reflect.DelegatingMethodAccessorImpl.invoke(DelegatingMethodAccessorImpl.java:43) ~[?:1.8.0_25]
	at java.lang.reflect.Method.invoke(Method.java:483) ~[?:1.8.0_25]
	at net.minecraft.launchwrapper.Launch.launch(Launch.java:135) [launchwrapper-1.12.jar:?]
	at net.minecraft.launchwrapper.Launch.main(Launch.java:28) [launchwrapper-1.12.jar:?]
Caused by: com.google.gson.stream.MalformedJsonException: Expected name at line 6 column 2
	at com.google.gson.stream.JsonReader.syntaxError(JsonReader.java:1505) ~[JsonReader.class:?]
	at com.google.gson.stream.JsonReader.doPeek(JsonReader.java:494) ~[JsonReader.class:?]
	at com.google.gson.stream.JsonReader.hasNext(JsonReader.java:403) ~[JsonReader.class:?]
	at com.google.gson.internal.bind.TypeAdapters$25.read(TypeAdapters.java:666) ~[TypeAdapters$25.class:?]
	at com.google.gson.internal.bind.TypeAdapters$25.read(TypeAdapters.java:642) ~[TypeAdapters$25.class:?]
	at com.google.gson.internal.Streams.parse(Streams.java:44) ~[Streams.class:?]
	... 25 more
[01:43:38] [Client thread/WARN]: Failed reading metadata of: minecraft:textures/misc/vignette.png
com.google.gson.JsonSyntaxException: com.google.gson.stream.MalformedJsonException: Expected name at line 6 column 2
	at com.google.gson.internal.Streams.parse(Streams.java:56) ~[Streams.class:?]
	at com.google.gson.JsonParser.parse(JsonParser.java:84) ~[JsonParser.class:?]
	at com.google.gson.JsonParser.parse(JsonParser.java:59) ~[JsonParser.class:?]
	at net.minecraft.client.resources.SimpleResource.func_110526_a(SourceFile:64) ~[caf.class:?]
	at net.minecraft.client.renderer.texture.SimpleTexture.func_110551_a(SimpleTexture.java:43) [byv.class:?]
	at net.minecraft.client.renderer.texture.TextureManager.func_110579_a(TextureManager.java:79) [bza.class:?]
	at net.minecraft.client.renderer.texture.TextureManager.func_110549_a(TextureManager.java:187) [bza.class:?]
	at net.minecraft.client.resources.SimpleReloadableResourceManager.func_110544_b(SimpleReloadableResourceManager.java:132) [cae.class:?]
	at net.minecraft.client.resources.SimpleReloadableResourceManager.func_110541_a(SimpleReloadableResourceManager.java:113) [cae.class:?]
	at net.minecraft.client.Minecraft.func_110436_a(Minecraft.java:756) [bes.class:?]
	at net.minecraft.client.gui.GuiScreenResourcePacks.func_146284_a(SourceFile:133) [bjm.class:?]
	at net.minecraft.client.gui.GuiScreen.func_73864_a(GuiScreen.java:454) [bho.class:?]
	at net.minecraft.client.gui.GuiScreenResourcePacks.func_73864_a(SourceFile:141) [bjm.class:?]
	at net.minecraft.client.gui.GuiScreen.func_146274_d(GuiScreen.java:544) [bho.class:?]
	at net.minecraft.client.gui.GuiScreenResourcePacks.func_146274_d(SourceFile:77) [bjm.class:?]
	at net.minecraft.client.gui.GuiScreen.func_146269_k(GuiScreen.java:512) [bho.class:?]
	at net.minecraft.client.Minecraft.func_71407_l(Minecraft.java:1695) [bes.class:?]
	at net.minecraft.client.Minecraft.func_71411_J(Minecraft.java:1056) [bes.class:?]
	at net.minecraft.client.Minecraft.func_99999_d(Minecraft.java:372) [bes.class:?]
	at net.minecraft.client.main.Main.main(SourceFile:124) [Main.class:?]
	at sun.reflect.NativeMethodAccessorImpl.invoke0(Native Method) ~[?:1.8.0_25]
	at sun.reflect.NativeMethodAccessorImpl.invoke(NativeMethodAccessorImpl.java:62) ~[?:1.8.0_25]
	at sun.reflect.DelegatingMethodAccessorImpl.invoke(DelegatingMethodAccessorImpl.java:43) ~[?:1.8.0_25]
	at java.lang.reflect.Method.invoke(Method.java:483) ~[?:1.8.0_25]
	at net.minecraft.launchwrapper.Launch.launch(Launch.java:135) [launchwrapper-1.12.jar:?]
	at net.minecraft.launchwrapper.Launch.main(Launch.java:28) [launchwrapper-1.12.jar:?]
Caused by: com.google.gson.stream.MalformedJsonException: Expected name at line 6 column 2
	at com.google.gson.stream.JsonReader.syntaxError(JsonReader.java:1505) ~[JsonReader.class:?]
	at com.google.gson.stream.JsonReader.doPeek(JsonReader.java:494) ~[JsonReader.class:?]
	at com.google.gson.stream.JsonReader.hasNext(JsonReader.java:403) ~[JsonReader.class:?]
	at com.google.gson.internal.bind.TypeAdapters$25.read(TypeAdapters.java:666) ~[TypeAdapters$25.class:?]
	at com.google.gson.internal.bind.TypeAdapters$25.read(TypeAdapters.java:642) ~[TypeAdapters$25.class:?]
	at com.google.gson.internal.Streams.parse(Streams.java:44) ~[Streams.class:?]
	... 25 more
[01:43:39] [Client thread/WARN]: File minecraft:sounds/tock4.ogg does not exist, cannot add it to event bibliocraft:tock
[01:43:39] [Client thread/WARN]: File tconstruct:sounds/woodhit1.ogg does not exist, cannot add it to event tconstruct:wood_hit
[01:43:39] [Client thread/WARN]: File tconstruct:sounds/woodhit2.ogg does not exist, cannot add it to event tconstruct:wood_hit
[01:43:39] [Client thread/WARN]: File tconstruct:sounds/woodhit3.ogg does not exist, cannot add it to event tconstruct:wood_hit
[01:43:39] [Client thread/WARN]: File tconstruct:sounds/woodhit4.ogg does not exist, cannot add it to event tconstruct:wood_hit
[01:43:39] [Client thread/WARN]: File tconstruct:sounds/woodhit5.ogg does not exist, cannot add it to event tconstruct:wood_hit
[01:43:39] [Client thread/WARN]: File tconstruct:sounds/stonehit1.ogg does not exist, cannot add it to event tconstruct:stone_hit
[01:43:39] [Client thread/WARN]: File tconstruct:sounds/stonehit2.ogg does not exist, cannot add it to event tconstruct:stone_hit
[01:43:39] [Client thread/WARN]: File tconstruct:sounds/stonehit3.ogg does not exist, cannot add it to event tconstruct:stone_hit
[01:43:39] [Client thread/WARN]: File tconstruct:sounds/crossbowreload.ogg does not exist, cannot add it to event tconstruct:crossbow_reload
[01:43:39] [Client thread/INFO]: SoundSystem shutting down...
[01:43:39] [Client thread/WARN]: Author: Paul Lamb, www.paulscode.com
[01:43:39] [Sound Library Loader/INFO]: Starting up SoundSystem...
[01:43:39] [Thread-21/INFO]: Initializing LWJGL OpenAL
[01:43:39] [Thread-21/INFO]: (The LWJGL binding of OpenAL.  For more information, see http://www.lwjgl.org)
[01:43:39] [Thread-21/INFO]: OpenAL initialized.
[01:43:40] [Sound Library Loader/INFO]: Sound engine started
[01:43:41] [Client thread/ERROR]: Using missing texture, unable to load minecraft:textures/blocks/detector_rail.png, java.io.FileNotFoundException
[01:43:41] [Client thread/ERROR]: Using missing texture, unable to load minecraft:textures/blocks/cobblestone_wall.png, java.io.FileNotFoundException
[01:43:41] [Client thread/ERROR]: Using missing texture, unable to load bibliocraft:textures/blocks/markerpole.png, java.io.FileNotFoundException
[01:43:41] [Client thread/ERROR]: Using missing texture, unable to load minecraft:mcpatcher/ctm/mossycobble/jungle/1.png, java.io.FileNotFoundException
[01:43:41] [Client thread/ERROR]: Using missing texture, unable to load minecraft:mcpatcher/ctm/mossycobble/ice/1.png, java.io.FileNotFoundException
[01:43:41] [Client thread/ERROR]: Using missing texture, unable to load minecraft:textures/blocks/spruce_stairs.png, java.io.FileNotFoundException
[01:43:41] [Client thread/ERROR]: Using missing texture, unable to load minecraft:mcpatcher/ctm/mossycobble/brickmosstop/1.png, java.io.FileNotFoundException
[01:43:41] [Client thread/ERROR]: Using missing texture, unable to load minecraft:mcpatcher/ctm/mossycobble/normal/1.png, java.io.FileNotFoundException
[01:43:41] [Client thread/ERROR]: Using missing texture, unable to load minecraft:mcpatcher/ctm/mossycobble/normal/39.png, java.io.FileNotFoundException
[01:43:41] [Client thread/ERROR]: Using missing texture, unable to load minecraft:mcpatcher/ctm/mossycobble/normal/27.png, java.io.FileNotFoundException
[01:43:41] [Client thread/ERROR]: Using missing texture, unable to load minecraft:mcpatcher/ctm/mossycobble/normal/15.png, java.io.FileNotFoundException
[01:43:41] [Client thread/ERROR]: Using missing texture, unable to load minecraft:textures/blocks/wooden_slab.png, java.io.FileNotFoundException
[01:43:41] [Client thread/ERROR]: Unable to parse metadata from minecraft:mcpatcher/ctm/organic_and_soft_material/grass_top/top/13.png
java.lang.RuntimeException: broken aspect ratio and not an animation
	at net.minecraft.client.renderer.texture.TextureAtlasSprite.func_188538_a(TextureAtlasSprite.java:341) ~[byz.class:?]
	at net.minecraft.client.renderer.texture.TextureMap.func_110571_b(TextureMap.java:235) [byy.class:?]
	at net.minecraft.client.renderer.texture.TextureMap.func_174943_a(TextureMap.java:155) [byy.class:?]
	at net.minecraftforge.client.model.ModelLoader.func_177570_a(ModelLoader.java:168) [ModelLoader.class:?]
	at net.minecraft.client.renderer.block.model.ModelManager.func_110549_a(ModelManager.java:28) [cbl.class:?]
	at net.minecraft.client.resources.SimpleReloadableResourceManager.func_110544_b(SimpleReloadableResourceManager.java:132) [cae.class:?]
	at net.minecraft.client.resources.SimpleReloadableResourceManager.func_110541_a(SimpleReloadableResourceManager.java:113) [cae.class:?]
	at net.minecraft.client.Minecraft.func_110436_a(Minecraft.java:756) [bes.class:?]
	at net.minecraft.client.gui.GuiScreenResourcePacks.func_146284_a(SourceFile:133) [bjm.class:?]
	at net.minecraft.client.gui.GuiScreen.func_73864_a(GuiScreen.java:454) [bho.class:?]
	at net.minecraft.client.gui.GuiScreenResourcePacks.func_73864_a(SourceFile:141) [bjm.class:?]
	at net.minecraft.client.gui.GuiScreen.func_146274_d(GuiScreen.java:544) [bho.class:?]
	at net.minecraft.client.gui.GuiScreenResourcePacks.func_146274_d(SourceFile:77) [bjm.class:?]
	at net.minecraft.client.gui.GuiScreen.func_146269_k(GuiScreen.java:512) [bho.class:?]
	at net.minecraft.client.Minecraft.func_71407_l(Minecraft.java:1695) [bes.class:?]
	at net.minecraft.client.Minecraft.func_71411_J(Minecraft.java:1056) [bes.class:?]
	at net.minecraft.client.Minecraft.func_99999_d(Minecraft.java:372) [bes.class:?]
	at net.minecraft.client.main.Main.main(SourceFile:124) [Main.class:?]
	at sun.reflect.NativeMethodAccessorImpl.invoke0(Native Method) ~[?:1.8.0_25]
	at sun.reflect.NativeMethodAccessorImpl.invoke(NativeMethodAccessorImpl.java:62) ~[?:1.8.0_25]
	at sun.reflect.DelegatingMethodAccessorImpl.invoke(DelegatingMethodAccessorImpl.java:43) ~[?:1.8.0_25]
	at java.lang.reflect.Method.invoke(Method.java:483) ~[?:1.8.0_25]
	at net.minecraft.launchwrapper.Launch.launch(Launch.java:135) [launchwrapper-1.12.jar:?]
	at net.minecraft.launchwrapper.Launch.main(Launch.java:28) [launchwrapper-1.12.jar:?]
[01:43:41] [Client thread/ERROR]: Using missing texture, unable to load minecraft:textures/blocks/planks.png, java.io.FileNotFoundException
[01:43:42] [Client thread/ERROR]: Using missing texture, unable to load rftools:textures/blocks/powercellw.png, java.io.FileNotFoundException
[01:43:42] [Client thread/ERROR]: Using missing texture, unable to load rftools:textures/blocks/powercellu.png, java.io.FileNotFoundException
[01:43:42] [Client thread/ERROR]: Using missing texture, unable to load rftools:textures/blocks/powercells.png, java.io.FileNotFoundException
[01:43:42] [Client thread/ERROR]: Using missing texture, unable to load minecraft:textures/blocks/cauldron.png, java.io.FileNotFoundException
[01:43:42] [Client thread/ERROR]: Using missing texture, unable to load rftools:textures/blocks/powercelle.png, java.io.FileNotFoundException
[01:43:42] [Client thread/ERROR]: Using missing texture, unable to load rftools:textures/blocks/powercelld.png, java.io.FileNotFoundException
[01:43:42] [Client thread/ERROR]: Using missing texture, unable to load rftools:textures/blocks/powercelln.png, java.io.FileNotFoundException
[01:43:42] [Client thread/ERROR]: Using missing texture, unable to load minecraft:textures/models/typewriter_paper_blank.png, java.io.FileNotFoundException
[01:43:42] [Client thread/ERROR]: Using missing texture, unable to load minecraft:textures/blocks/nether_brick_fence.png, java.io.FileNotFoundException
[01:43:42] [Client thread/ERROR]: Using missing texture, unable to load bibliocraft:textures/blocks/clipboard.png, java.io.FileNotFoundException
[01:43:42] [Client thread/ERROR]: Using missing texture, unable to load minecraft:mcpatcher/ctm/mossycobble/desert/1.png, java.io.FileNotFoundException
[01:43:42] [Client thread/ERROR]: Using missing texture, unable to load minecraft:mcpatcher/ctm/mossycobble/extremehills/1.png, java.io.FileNotFoundException
[01:43:42] [Client thread/ERROR]: Using missing texture, unable to load minecraft:textures/blocks/jungle_stairs.png, java.io.FileNotFoundException
[01:43:42] [Client thread/ERROR]: Using missing texture, unable to load minecraft:textures/blocks/hopper.png, java.io.FileNotFoundException
[01:43:42] [Client thread/ERROR]: Using missing texture, unable to load minecraft:mcpatcher/ctm/mossycobble/swamp/1.png, java.io.FileNotFoundException
[01:43:42] [Client thread/ERROR]: Using missing texture, unable to load minecraft:textures/blocks/end_portal_frame.png, java.io.FileNotFoundException
[01:43:42] [Client thread/ERROR]: Using missing texture, unable to load minecraft:textures/blocks/snow_block.png, java.io.FileNotFoundException
[01:43:44] [Client thread/INFO]: Created: 4096x4096 textures-atlas
[01:43:59] [Client thread/INFO]: Connecting to localhost, 25565
[01:44:02] [Client thread/INFO]: [CHAT] Jano1 joined the game
[01:44:02] [Client thread/INFO]: [CHAT] ------------------------ MOTD ------------------------
[01:44:02] [Client thread/INFO]: [CHAT] Welcome to the server!
[01:44:02] [Client thread/INFO]: [CHAT] ------------------------ « » -------------------------
[01:44:18] [Client thread/INFO]: [CHAT] Exception from /teleport\nCould not find user with the name "world".\nworld\n^\n\nUsage: /teleport [-q <quiet>] [-f <f>]  <player to warp to>|<player to warp> <player to warp to>|<offline player to warp to>
[01:44:27] [Client thread/INFO]: [CHAT] Exception from /teleport\nToo many arguments\nJano1 world\n^\n\nUsage: /teleport [-q <quiet>] [-f <f>]  <player to warp to>|<player to warp> <player to warp to>|<offline player to warp to>
[01:44:31] [Client thread/INFO]: [CHAT] You cannot teleport to yourself.
[02:00:12] [Client thread/INFO]: Connecting to localhost, 25565
[02:00:17] [Client thread/INFO]: [CHAT] Jano1 joined the game
[02:00:17] [Client thread/INFO]: [CHAT] ------------------------ MOTD ------------------------
[02:00:17] [Client thread/INFO]: [CHAT] Welcome to the server!
[02:00:17] [Client thread/INFO]: [CHAT] ------------------------ « » -------------------------
[02:12:01] [Client thread/INFO]: Stopping!
[02:12:01] [Client thread/INFO]: SoundSystem shutting down...
[02:12:01] [Client thread/WARN]: Author: Paul Lamb, www.paulscode.com
